CRITICAL - 2023-09-21 01:07:57 --> Constant expression contains invalid operations
in APPPATH\Models\ProductModel.php on line 16.
 1 [internal function]: CodeIgniter\Debug\Exceptions->shutdownHandler()
CRITICAL - 2023-09-21 01:08:39 --> Object of class App\Controllers\ProductController could not be converted to string
in APPPATH\Controllers\ProductController.php on line 17.
 1 SYSTEMPATH\CodeIgniter.php(919): App\Controllers\ProductController->index()
 2 SYSTEMPATH\CodeIgniter.php(494): CodeIgniter\CodeIgniter->runController(Object(App\Controllers\ProductController))
 3 SYSTEMPATH\CodeIgniter.php(353): CodeIgniter\CodeIgniter->handleRequest(null, Object(Config\Cache), false)
 4 FCPATH\index.php(79): CodeIgniter\CodeIgniter->run()
 5 SYSTEMPATH\Commands\Server\rewrite.php(47): require_once('C:\\laragon\\www\\crudProduct\\public\\index.php')
CRITICAL - 2023-09-21 03:29:08 --> Undefined variable $category
in APPPATH\Views\productView.php on line 12.
 1 APPPATH\Views\productView.php(12): CodeIgniter\Debug\Exceptions->errorHandler(2, 'Undefined variable $category', 'C:\\laragon\\www\\crudProduct\\app\\Views\\productView.php', 12)
 2 SYSTEMPATH\View\View.php(226): include('C:\\laragon\\www\\crudProduct\\app\\Views\\productView.php')
 3 SYSTEMPATH\View\View.php(229): CodeIgniter\View\View->CodeIgniter\View\{closure}()
 4 SYSTEMPATH\Common.php(1188): CodeIgniter\View\View->render('productView', [], true)
 5 APPPATH\Controllers\ProductController.php(38): view('productView', [...])
 6 SYSTEMPATH\CodeIgniter.php(919): App\Controllers\ProductController->showProduct('1')
 7 SYSTEMPATH\CodeIgniter.php(494): CodeIgniter\CodeIgniter->runController(Object(App\Controllers\ProductController))
 8 SYSTEMPATH\CodeIgniter.php(353): CodeIgniter\CodeIgniter->handleRequest(null, Object(Config\Cache), false)
 9 FCPATH\index.php(79): CodeIgniter\CodeIgniter->run()
10 SYSTEMPATH\Commands\Server\rewrite.php(47): require_once('C:\\laragon\\www\\crudProduct\\public\\index.php')
CRITICAL - 2023-09-21 03:29:33 --> Trying to access array offset on value of type null
in APPPATH\Views\productView.php on line 13.
 1 APPPATH\Views\productView.php(13): CodeIgniter\Debug\Exceptions->errorHandler(2, 'Trying to access array offset on value of type null', 'C:\\laragon\\www\\crudProduct\\app\\Views\\productView.php', 13)
 2 SYSTEMPATH\View\View.php(226): include('C:\\laragon\\www\\crudProduct\\app\\Views\\productView.php')
 3 SYSTEMPATH\View\View.php(229): CodeIgniter\View\View->CodeIgniter\View\{closure}()
 4 SYSTEMPATH\Common.php(1188): CodeIgniter\View\View->render('productView', [], true)
 5 APPPATH\Controllers\ProductController.php(38): view('productView', [...])
 6 SYSTEMPATH\CodeIgniter.php(919): App\Controllers\ProductController->showProduct('1')
 7 SYSTEMPATH\CodeIgniter.php(494): CodeIgniter\CodeIgniter->runController(Object(App\Controllers\ProductController))
 8 SYSTEMPATH\CodeIgniter.php(353): CodeIgniter\CodeIgniter->handleRequest(null, Object(Config\Cache), false)
 9 FCPATH\index.php(79): CodeIgniter\CodeIgniter->run()
10 SYSTEMPATH\Commands\Server\rewrite.php(47): require_once('C:\\laragon\\www\\crudProduct\\public\\index.php')
CRITICAL - 2023-09-21 12:38:45 --> Undefined variable $pro
in APPPATH\Views\insertProduct.php on line 21.
 1 APPPATH\Views\insertProduct.php(21): CodeIgniter\Debug\Exceptions->errorHandler(2, 'Undefined variable $pro', 'C:\\laragon\\www\\crudProduct\\app\\Views\\insertProduct.php', 21)
 2 SYSTEMPATH\View\View.php(226): include('C:\\laragon\\www\\crudProduct\\app\\Views\\insertProduct.php')
 3 SYSTEMPATH\View\View.php(229): CodeIgniter\View\View->CodeIgniter\View\{closure}()
 4 SYSTEMPATH\Common.php(1188): CodeIgniter\View\View->render('insertProduct', [], true)
 5 APPPATH\Controllers\ProductController.php(32): view('insertProduct')
 6 SYSTEMPATH\CodeIgniter.php(919): App\Controllers\ProductController->showInsertProduct()
 7 SYSTEMPATH\CodeIgniter.php(494): CodeIgniter\CodeIgniter->runController(Object(App\Controllers\ProductController))
 8 SYSTEMPATH\CodeIgniter.php(353): CodeIgniter\CodeIgniter->handleRequest(null, Object(Config\Cache), false)
 9 FCPATH\index.php(79): CodeIgniter\CodeIgniter->run()
10 SYSTEMPATH\Commands\Server\rewrite.php(47): require_once('C:\\laragon\\www\\crudProduct\\public\\index.php')
CRITICAL - 2023-09-21 12:40:39 --> Undefined variable $pro
in APPPATH\Views\insertProduct.php on line 21.
 1 APPPATH\Views\insertProduct.php(21): CodeIgniter\Debug\Exceptions->errorHandler(2, 'Undefined variable $pro', 'C:\\laragon\\www\\crudProduct\\app\\Views\\insertProduct.php', 21)
 2 SYSTEMPATH\View\View.php(226): include('C:\\laragon\\www\\crudProduct\\app\\Views\\insertProduct.php')
 3 SYSTEMPATH\View\View.php(229): CodeIgniter\View\View->CodeIgniter\View\{closure}()
 4 SYSTEMPATH\Common.php(1188): CodeIgniter\View\View->render('insertProduct', [], true)
 5 APPPATH\Controllers\ProductController.php(32): view('insertProduct')
 6 SYSTEMPATH\CodeIgniter.php(919): App\Controllers\ProductController->showInsertProduct()
 7 SYSTEMPATH\CodeIgniter.php(494): CodeIgniter\CodeIgniter->runController(Object(App\Controllers\ProductController))
 8 SYSTEMPATH\CodeIgniter.php(353): CodeIgniter\CodeIgniter->handleRequest(null, Object(Config\Cache), false)
 9 FCPATH\index.php(79): CodeIgniter\CodeIgniter->run()
10 SYSTEMPATH\Commands\Server\rewrite.php(47): require_once('C:\\laragon\\www\\crudProduct\\public\\index.php')
CRITICAL - 2023-09-21 12:40:54 --> Undefined variable $pro
in APPPATH\Views\insertProduct.php on line 21.
 1 APPPATH\Views\insertProduct.php(21): CodeIgniter\Debug\Exceptions->errorHandler(2, 'Undefined variable $pro', 'C:\\laragon\\www\\crudProduct\\app\\Views\\insertProduct.php', 21)
 2 SYSTEMPATH\View\View.php(226): include('C:\\laragon\\www\\crudProduct\\app\\Views\\insertProduct.php')
 3 SYSTEMPATH\View\View.php(229): CodeIgniter\View\View->CodeIgniter\View\{closure}()
 4 SYSTEMPATH\Common.php(1188): CodeIgniter\View\View->render('insertProduct', [], true)
 5 APPPATH\Controllers\ProductController.php(32): view('insertProduct')
 6 SYSTEMPATH\CodeIgniter.php(919): App\Controllers\ProductController->showInsertProduct()
 7 SYSTEMPATH\CodeIgniter.php(494): CodeIgniter\CodeIgniter->runController(Object(App\Controllers\ProductController))
 8 SYSTEMPATH\CodeIgniter.php(353): CodeIgniter\CodeIgniter->handleRequest(null, Object(Config\Cache), false)
 9 FCPATH\index.php(79): CodeIgniter\CodeIgniter->run()
10 SYSTEMPATH\Commands\Server\rewrite.php(47): require_once('C:\\laragon\\www\\crudProduct\\public\\index.php')
CRITICAL - 2023-09-21 12:40:55 --> Undefined variable $pro
in APPPATH\Views\insertProduct.php on line 21.
 1 APPPATH\Views\insertProduct.php(21): CodeIgniter\Debug\Exceptions->errorHandler(2, 'Undefined variable $pro', 'C:\\laragon\\www\\crudProduct\\app\\Views\\insertProduct.php', 21)
 2 SYSTEMPATH\View\View.php(226): include('C:\\laragon\\www\\crudProduct\\app\\Views\\insertProduct.php')
 3 SYSTEMPATH\View\View.php(229): CodeIgniter\View\View->CodeIgniter\View\{closure}()
 4 SYSTEMPATH\Common.php(1188): CodeIgniter\View\View->render('insertProduct', [], true)
 5 APPPATH\Controllers\ProductController.php(32): view('insertProduct')
 6 SYSTEMPATH\CodeIgniter.php(919): App\Controllers\ProductController->showInsertProduct()
 7 SYSTEMPATH\CodeIgniter.php(494): CodeIgniter\CodeIgniter->runController(Object(App\Controllers\ProductController))
 8 SYSTEMPATH\CodeIgniter.php(353): CodeIgniter\CodeIgniter->handleRequest(null, Object(Config\Cache), false)
 9 FCPATH\index.php(79): CodeIgniter\CodeIgniter->run()
10 SYSTEMPATH\Commands\Server\rewrite.php(47): require_once('C:\\laragon\\www\\crudProduct\\public\\index.php')
CRITICAL - 2023-09-21 12:46:04 --> Undefined variable $pro
in APPPATH\Views\insertProduct.php on line 21.
 1 APPPATH\Views\insertProduct.php(21): CodeIgniter\Debug\Exceptions->errorHandler(2, 'Undefined variable $pro', 'C:\\laragon\\www\\crudProduct\\app\\Views\\insertProduct.php', 21)
 2 SYSTEMPATH\View\View.php(226): include('C:\\laragon\\www\\crudProduct\\app\\Views\\insertProduct.php')
 3 SYSTEMPATH\View\View.php(229): CodeIgniter\View\View->CodeIgniter\View\{closure}()
 4 SYSTEMPATH\Common.php(1188): CodeIgniter\View\View->render('insertProduct', [], true)
 5 APPPATH\Controllers\ProductController.php(32): view('insertProduct')
 6 SYSTEMPATH\CodeIgniter.php(919): App\Controllers\ProductController->showInsertProduct()
 7 SYSTEMPATH\CodeIgniter.php(494): CodeIgniter\CodeIgniter->runController(Object(App\Controllers\ProductController))
 8 SYSTEMPATH\CodeIgniter.php(353): CodeIgniter\CodeIgniter->handleRequest(null, Object(Config\Cache), false)
 9 FCPATH\index.php(79): CodeIgniter\CodeIgniter->run()
10 SYSTEMPATH\Commands\Server\rewrite.php(47): require_once('C:\\laragon\\www\\crudProduct\\public\\index.php')
CRITICAL - 2023-09-21 12:46:52 --> Undefined variable $pro
in APPPATH\Views\insertProduct.php on line 21.
 1 APPPATH\Views\insertProduct.php(21): CodeIgniter\Debug\Exceptions->errorHandler(2, 'Undefined variable $pro', 'C:\\laragon\\www\\crudProduct\\app\\Views\\insertProduct.php', 21)
 2 SYSTEMPATH\View\View.php(226): include('C:\\laragon\\www\\crudProduct\\app\\Views\\insertProduct.php')
 3 SYSTEMPATH\View\View.php(229): CodeIgniter\View\View->CodeIgniter\View\{closure}()
 4 SYSTEMPATH\Common.php(1188): CodeIgniter\View\View->render('insertProduct', [], true)
 5 APPPATH\Controllers\ProductController.php(32): view('insertProduct')
 6 SYSTEMPATH\CodeIgniter.php(919): App\Controllers\ProductController->showInsertProduct()
 7 SYSTEMPATH\CodeIgniter.php(494): CodeIgniter\CodeIgniter->runController(Object(App\Controllers\ProductController))
 8 SYSTEMPATH\CodeIgniter.php(353): CodeIgniter\CodeIgniter->handleRequest(null, Object(Config\Cache), false)
 9 FCPATH\index.php(79): CodeIgniter\CodeIgniter->run()
10 SYSTEMPATH\Commands\Server\rewrite.php(47): require_once('C:\\laragon\\www\\crudProduct\\public\\index.php')
CRITICAL - 2023-09-21 12:46:53 --> Undefined variable $pro
in APPPATH\Views\insertProduct.php on line 21.
 1 APPPATH\Views\insertProduct.php(21): CodeIgniter\Debug\Exceptions->errorHandler(2, 'Undefined variable $pro', 'C:\\laragon\\www\\crudProduct\\app\\Views\\insertProduct.php', 21)
 2 SYSTEMPATH\View\View.php(226): include('C:\\laragon\\www\\crudProduct\\app\\Views\\insertProduct.php')
 3 SYSTEMPATH\View\View.php(229): CodeIgniter\View\View->CodeIgniter\View\{closure}()
 4 SYSTEMPATH\Common.php(1188): CodeIgniter\View\View->render('insertProduct', [], true)
 5 APPPATH\Controllers\ProductController.php(32): view('insertProduct')
 6 SYSTEMPATH\CodeIgniter.php(919): App\Controllers\ProductController->showInsertProduct()
 7 SYSTEMPATH\CodeIgniter.php(494): CodeIgniter\CodeIgniter->runController(Object(App\Controllers\ProductController))
 8 SYSTEMPATH\CodeIgniter.php(353): CodeIgniter\CodeIgniter->handleRequest(null, Object(Config\Cache), false)
 9 FCPATH\index.php(79): CodeIgniter\CodeIgniter->run()
10 SYSTEMPATH\Commands\Server\rewrite.php(47): require_once('C:\\laragon\\www\\crudProduct\\public\\index.php')
CRITICAL - 2023-09-21 12:46:53 --> Undefined variable $pro
in APPPATH\Views\insertProduct.php on line 21.
 1 APPPATH\Views\insertProduct.php(21): CodeIgniter\Debug\Exceptions->errorHandler(2, 'Undefined variable $pro', 'C:\\laragon\\www\\crudProduct\\app\\Views\\insertProduct.php', 21)
 2 SYSTEMPATH\View\View.php(226): include('C:\\laragon\\www\\crudProduct\\app\\Views\\insertProduct.php')
 3 SYSTEMPATH\View\View.php(229): CodeIgniter\View\View->CodeIgniter\View\{closure}()
 4 SYSTEMPATH\Common.php(1188): CodeIgniter\View\View->render('insertProduct', [], true)
 5 APPPATH\Controllers\ProductController.php(32): view('insertProduct')
 6 SYSTEMPATH\CodeIgniter.php(919): App\Controllers\ProductController->showInsertProduct()
 7 SYSTEMPATH\CodeIgniter.php(494): CodeIgniter\CodeIgniter->runController(Object(App\Controllers\ProductController))
 8 SYSTEMPATH\CodeIgniter.php(353): CodeIgniter\CodeIgniter->handleRequest(null, Object(Config\Cache), false)
 9 FCPATH\index.php(79): CodeIgniter\CodeIgniter->run()
10 SYSTEMPATH\Commands\Server\rewrite.php(47): require_once('C:\\laragon\\www\\crudProduct\\public\\index.php')
CRITICAL - 2023-09-21 12:46:53 --> Undefined variable $pro
in APPPATH\Views\insertProduct.php on line 21.
 1 APPPATH\Views\insertProduct.php(21): CodeIgniter\Debug\Exceptions->errorHandler(2, 'Undefined variable $pro', 'C:\\laragon\\www\\crudProduct\\app\\Views\\insertProduct.php', 21)
 2 SYSTEMPATH\View\View.php(226): include('C:\\laragon\\www\\crudProduct\\app\\Views\\insertProduct.php')
 3 SYSTEMPATH\View\View.php(229): CodeIgniter\View\View->CodeIgniter\View\{closure}()
 4 SYSTEMPATH\Common.php(1188): CodeIgniter\View\View->render('insertProduct', [], true)
 5 APPPATH\Controllers\ProductController.php(32): view('insertProduct')
 6 SYSTEMPATH\CodeIgniter.php(919): App\Controllers\ProductController->showInsertProduct()
 7 SYSTEMPATH\CodeIgniter.php(494): CodeIgniter\CodeIgniter->runController(Object(App\Controllers\ProductController))
 8 SYSTEMPATH\CodeIgniter.php(353): CodeIgniter\CodeIgniter->handleRequest(null, Object(Config\Cache), false)
 9 FCPATH\index.php(79): CodeIgniter\CodeIgniter->run()
10 SYSTEMPATH\Commands\Server\rewrite.php(47): require_once('C:\\laragon\\www\\crudProduct\\public\\index.php')
CRITICAL - 2023-09-21 12:47:01 --> Undefined variable $pro
in APPPATH\Views\insertProduct.php on line 21.
 1 APPPATH\Views\insertProduct.php(21): CodeIgniter\Debug\Exceptions->errorHandler(2, 'Undefined variable $pro', 'C:\\laragon\\www\\crudProduct\\app\\Views\\insertProduct.php', 21)
 2 SYSTEMPATH\View\View.php(226): include('C:\\laragon\\www\\crudProduct\\app\\Views\\insertProduct.php')
 3 SYSTEMPATH\View\View.php(229): CodeIgniter\View\View->CodeIgniter\View\{closure}()
 4 SYSTEMPATH\Common.php(1188): CodeIgniter\View\View->render('insertProduct', [], true)
 5 APPPATH\Controllers\ProductController.php(32): view('insertProduct')
 6 SYSTEMPATH\CodeIgniter.php(919): App\Controllers\ProductController->showInsertProduct()
 7 SYSTEMPATH\CodeIgniter.php(494): CodeIgniter\CodeIgniter->runController(Object(App\Controllers\ProductController))
 8 SYSTEMPATH\CodeIgniter.php(353): CodeIgniter\CodeIgniter->handleRequest(null, Object(Config\Cache), false)
 9 FCPATH\index.php(79): CodeIgniter\CodeIgniter->run()
10 SYSTEMPATH\Commands\Server\rewrite.php(47): require_once('C:\\laragon\\www\\crudProduct\\public\\index.php')
CRITICAL - 2023-09-21 12:47:02 --> Undefined variable $pro
in APPPATH\Views\insertProduct.php on line 21.
 1 APPPATH\Views\insertProduct.php(21): CodeIgniter\Debug\Exceptions->errorHandler(2, 'Undefined variable $pro', 'C:\\laragon\\www\\crudProduct\\app\\Views\\insertProduct.php', 21)
 2 SYSTEMPATH\View\View.php(226): include('C:\\laragon\\www\\crudProduct\\app\\Views\\insertProduct.php')
 3 SYSTEMPATH\View\View.php(229): CodeIgniter\View\View->CodeIgniter\View\{closure}()
 4 SYSTEMPATH\Common.php(1188): CodeIgniter\View\View->render('insertProduct', [], true)
 5 APPPATH\Controllers\ProductController.php(32): view('insertProduct')
 6 SYSTEMPATH\CodeIgniter.php(919): App\Controllers\ProductController->showInsertProduct()
 7 SYSTEMPATH\CodeIgniter.php(494): CodeIgniter\CodeIgniter->runController(Object(App\Controllers\ProductController))
 8 SYSTEMPATH\CodeIgniter.php(353): CodeIgniter\CodeIgniter->handleRequest(null, Object(Config\Cache), false)
 9 FCPATH\index.php(79): CodeIgniter\CodeIgniter->run()
10 SYSTEMPATH\Commands\Server\rewrite.php(47): require_once('C:\\laragon\\www\\crudProduct\\public\\index.php')
CRITICAL - 2023-09-21 12:47:02 --> Undefined variable $pro
in APPPATH\Views\insertProduct.php on line 21.
 1 APPPATH\Views\insertProduct.php(21): CodeIgniter\Debug\Exceptions->errorHandler(2, 'Undefined variable $pro', 'C:\\laragon\\www\\crudProduct\\app\\Views\\insertProduct.php', 21)
 2 SYSTEMPATH\View\View.php(226): include('C:\\laragon\\www\\crudProduct\\app\\Views\\insertProduct.php')
 3 SYSTEMPATH\View\View.php(229): CodeIgniter\View\View->CodeIgniter\View\{closure}()
 4 SYSTEMPATH\Common.php(1188): CodeIgniter\View\View->render('insertProduct', [], true)
 5 APPPATH\Controllers\ProductController.php(32): view('insertProduct')
 6 SYSTEMPATH\CodeIgniter.php(919): App\Controllers\ProductController->showInsertProduct()
 7 SYSTEMPATH\CodeIgniter.php(494): CodeIgniter\CodeIgniter->runController(Object(App\Controllers\ProductController))
 8 SYSTEMPATH\CodeIgniter.php(353): CodeIgniter\CodeIgniter->handleRequest(null, Object(Config\Cache), false)
 9 FCPATH\index.php(79): CodeIgniter\CodeIgniter->run()
10 SYSTEMPATH\Commands\Server\rewrite.php(47): require_once('C:\\laragon\\www\\crudProduct\\public\\index.php')
CRITICAL - 2023-09-21 12:47:11 --> Undefined variable $pro
in APPPATH\Views\insertProduct.php on line 21.
 1 APPPATH\Views\insertProduct.php(21): CodeIgniter\Debug\Exceptions->errorHandler(2, 'Undefined variable $pro', 'C:\\laragon\\www\\crudProduct\\app\\Views\\insertProduct.php', 21)
 2 SYSTEMPATH\View\View.php(226): include('C:\\laragon\\www\\crudProduct\\app\\Views\\insertProduct.php')
 3 SYSTEMPATH\View\View.php(229): CodeIgniter\View\View->CodeIgniter\View\{closure}()
 4 SYSTEMPATH\Common.php(1188): CodeIgniter\View\View->render('insertProduct', [], true)
 5 APPPATH\Controllers\ProductController.php(32): view('insertProduct')
 6 SYSTEMPATH\CodeIgniter.php(919): App\Controllers\ProductController->showInsertProduct()
 7 SYSTEMPATH\CodeIgniter.php(494): CodeIgniter\CodeIgniter->runController(Object(App\Controllers\ProductController))
 8 SYSTEMPATH\CodeIgniter.php(353): CodeIgniter\CodeIgniter->handleRequest(null, Object(Config\Cache), false)
 9 FCPATH\index.php(79): CodeIgniter\CodeIgniter->run()
10 SYSTEMPATH\Commands\Server\rewrite.php(47): require_once('C:\\laragon\\www\\crudProduct\\public\\index.php')
CRITICAL - 2023-09-21 12:47:52 --> Undefined variable $pro
in APPPATH\Views\insertProduct.php on line 21.
 1 APPPATH\Views\insertProduct.php(21): CodeIgniter\Debug\Exceptions->errorHandler(2, 'Undefined variable $pro', 'C:\\laragon\\www\\crudProduct\\app\\Views\\insertProduct.php', 21)
 2 SYSTEMPATH\View\View.php(226): include('C:\\laragon\\www\\crudProduct\\app\\Views\\insertProduct.php')
 3 SYSTEMPATH\View\View.php(229): CodeIgniter\View\View->CodeIgniter\View\{closure}()
 4 SYSTEMPATH\Common.php(1188): CodeIgniter\View\View->render('insertProduct', [], true)
 5 APPPATH\Controllers\ProductController.php(32): view('insertProduct')
 6 SYSTEMPATH\CodeIgniter.php(919): App\Controllers\ProductController->showInsertProduct()
 7 SYSTEMPATH\CodeIgniter.php(494): CodeIgniter\CodeIgniter->runController(Object(App\Controllers\ProductController))
 8 SYSTEMPATH\CodeIgniter.php(353): CodeIgniter\CodeIgniter->handleRequest(null, Object(Config\Cache), false)
 9 FCPATH\index.php(79): CodeIgniter\CodeIgniter->run()
10 SYSTEMPATH\Commands\Server\rewrite.php(47): require_once('C:\\laragon\\www\\crudProduct\\public\\index.php')
CRITICAL - 2023-09-21 12:49:42 --> syntax error, unexpected token "}"
in APPPATH\Controllers\ProductController.php on line 50.
 1 SYSTEMPATH\Autoloader\Autoloader.php(285): CodeIgniter\Autoloader\Autoloader->includeFile('C:\\laragon\\www\\crudProduct\\app\\Controllers\\ProductController.php')
 2 SYSTEMPATH\Autoloader\Autoloader.php(263): CodeIgniter\Autoloader\Autoloader->loadInNamespace('App\\Controllers\\ProductController')
 3 [internal function]: CodeIgniter\Autoloader\Autoloader->loadClass('App\\Controllers\\ProductController')
 4 SYSTEMPATH\CodeIgniter.php(877): class_exists('\\App\\Controllers\\ProductController', true)
 5 SYSTEMPATH\CodeIgniter.php(481): CodeIgniter\CodeIgniter->startController()
 6 SYSTEMPATH\CodeIgniter.php(353): CodeIgniter\CodeIgniter->handleRequest(null, Object(Config\Cache), false)
 7 FCPATH\index.php(79): CodeIgniter\CodeIgniter->run()
 8 SYSTEMPATH\Commands\Server\rewrite.php(47): require_once('C:\\laragon\\www\\crudProduct\\public\\index.php')
CRITICAL - 2023-09-21 12:49:43 --> syntax error, unexpected token "}"
in APPPATH\Controllers\ProductController.php on line 50.
 1 SYSTEMPATH\Autoloader\Autoloader.php(285): CodeIgniter\Autoloader\Autoloader->includeFile('C:\\laragon\\www\\crudProduct\\app\\Controllers\\ProductController.php')
 2 SYSTEMPATH\Autoloader\Autoloader.php(263): CodeIgniter\Autoloader\Autoloader->loadInNamespace('App\\Controllers\\ProductController')
 3 [internal function]: CodeIgniter\Autoloader\Autoloader->loadClass('App\\Controllers\\ProductController')
 4 SYSTEMPATH\CodeIgniter.php(877): class_exists('\\App\\Controllers\\ProductController', true)
 5 SYSTEMPATH\CodeIgniter.php(481): CodeIgniter\CodeIgniter->startController()
 6 SYSTEMPATH\CodeIgniter.php(353): CodeIgniter\CodeIgniter->handleRequest(null, Object(Config\Cache), false)
 7 FCPATH\index.php(79): CodeIgniter\CodeIgniter->run()
 8 SYSTEMPATH\Commands\Server\rewrite.php(47): require_once('C:\\laragon\\www\\crudProduct\\public\\index.php')
CRITICAL - 2023-09-21 12:49:44 --> syntax error, unexpected token "}"
in APPPATH\Controllers\ProductController.php on line 50.
 1 SYSTEMPATH\Autoloader\Autoloader.php(285): CodeIgniter\Autoloader\Autoloader->includeFile('C:\\laragon\\www\\crudProduct\\app\\Controllers\\ProductController.php')
 2 SYSTEMPATH\Autoloader\Autoloader.php(263): CodeIgniter\Autoloader\Autoloader->loadInNamespace('App\\Controllers\\ProductController')
 3 [internal function]: CodeIgniter\Autoloader\Autoloader->loadClass('App\\Controllers\\ProductController')
 4 SYSTEMPATH\CodeIgniter.php(877): class_exists('\\App\\Controllers\\ProductController', true)
 5 SYSTEMPATH\CodeIgniter.php(481): CodeIgniter\CodeIgniter->startController()
 6 SYSTEMPATH\CodeIgniter.php(353): CodeIgniter\CodeIgniter->handleRequest(null, Object(Config\Cache), false)
 7 FCPATH\index.php(79): CodeIgniter\CodeIgniter->run()
 8 SYSTEMPATH\Commands\Server\rewrite.php(47): require_once('C:\\laragon\\www\\crudProduct\\public\\index.php')
CRITICAL - 2023-09-21 12:49:52 --> Undefined variable $pro
in APPPATH\Views\insertProduct.php on line 21.
 1 APPPATH\Views\insertProduct.php(21): CodeIgniter\Debug\Exceptions->errorHandler(2, 'Undefined variable $pro', 'C:\\laragon\\www\\crudProduct\\app\\Views\\insertProduct.php', 21)
 2 SYSTEMPATH\View\View.php(226): include('C:\\laragon\\www\\crudProduct\\app\\Views\\insertProduct.php')
 3 SYSTEMPATH\View\View.php(229): CodeIgniter\View\View->CodeIgniter\View\{closure}()
 4 SYSTEMPATH\Common.php(1188): CodeIgniter\View\View->render('insertProduct', [], true)
 5 APPPATH\Controllers\ProductController.php(32): view('insertProduct')
 6 SYSTEMPATH\CodeIgniter.php(919): App\Controllers\ProductController->showInsertProduct()
 7 SYSTEMPATH\CodeIgniter.php(494): CodeIgniter\CodeIgniter->runController(Object(App\Controllers\ProductController))
 8 SYSTEMPATH\CodeIgniter.php(353): CodeIgniter\CodeIgniter->handleRequest(null, Object(Config\Cache), false)
 9 FCPATH\index.php(79): CodeIgniter\CodeIgniter->run()
10 SYSTEMPATH\Commands\Server\rewrite.php(47): require_once('C:\\laragon\\www\\crudProduct\\public\\index.php')
CRITICAL - 2023-09-21 12:49:53 --> Undefined variable $pro
in APPPATH\Views\insertProduct.php on line 21.
 1 APPPATH\Views\insertProduct.php(21): CodeIgniter\Debug\Exceptions->errorHandler(2, 'Undefined variable $pro', 'C:\\laragon\\www\\crudProduct\\app\\Views\\insertProduct.php', 21)
 2 SYSTEMPATH\View\View.php(226): include('C:\\laragon\\www\\crudProduct\\app\\Views\\insertProduct.php')
 3 SYSTEMPATH\View\View.php(229): CodeIgniter\View\View->CodeIgniter\View\{closure}()
 4 SYSTEMPATH\Common.php(1188): CodeIgniter\View\View->render('insertProduct', [], true)
 5 APPPATH\Controllers\ProductController.php(32): view('insertProduct')
 6 SYSTEMPATH\CodeIgniter.php(919): App\Controllers\ProductController->showInsertProduct()
 7 SYSTEMPATH\CodeIgniter.php(494): CodeIgniter\CodeIgniter->runController(Object(App\Controllers\ProductController))
 8 SYSTEMPATH\CodeIgniter.php(353): CodeIgniter\CodeIgniter->handleRequest(null, Object(Config\Cache), false)
 9 FCPATH\index.php(79): CodeIgniter\CodeIgniter->run()
10 SYSTEMPATH\Commands\Server\rewrite.php(47): require_once('C:\\laragon\\www\\crudProduct\\public\\index.php')
CRITICAL - 2023-09-21 12:50:28 --> Undefined variable $pro
in APPPATH\Views\insertProduct.php on line 21.
 1 APPPATH\Views\insertProduct.php(21): CodeIgniter\Debug\Exceptions->errorHandler(2, 'Undefined variable $pro', 'C:\\laragon\\www\\crudProduct\\app\\Views\\insertProduct.php', 21)
 2 SYSTEMPATH\View\View.php(226): include('C:\\laragon\\www\\crudProduct\\app\\Views\\insertProduct.php')
 3 SYSTEMPATH\View\View.php(229): CodeIgniter\View\View->CodeIgniter\View\{closure}()
 4 SYSTEMPATH\Common.php(1188): CodeIgniter\View\View->render('insertProduct', [], true)
 5 APPPATH\Controllers\ProductController.php(32): view('insertProduct')
 6 SYSTEMPATH\CodeIgniter.php(919): App\Controllers\ProductController->showInsertProduct()
 7 SYSTEMPATH\CodeIgniter.php(494): CodeIgniter\CodeIgniter->runController(Object(App\Controllers\ProductController))
 8 SYSTEMPATH\CodeIgniter.php(353): CodeIgniter\CodeIgniter->handleRequest(null, Object(Config\Cache), false)
 9 FCPATH\index.php(79): CodeIgniter\CodeIgniter->run()
10 SYSTEMPATH\Commands\Server\rewrite.php(47): require_once('C:\\laragon\\www\\crudProduct\\public\\index.php')
CRITICAL - 2023-09-21 12:50:46 --> Undefined variable $pro
in APPPATH\Views\insertProduct.php on line 21.
 1 APPPATH\Views\insertProduct.php(21): CodeIgniter\Debug\Exceptions->errorHandler(2, 'Undefined variable $pro', 'C:\\laragon\\www\\crudProduct\\app\\Views\\insertProduct.php', 21)
 2 SYSTEMPATH\View\View.php(226): include('C:\\laragon\\www\\crudProduct\\app\\Views\\insertProduct.php')
 3 SYSTEMPATH\View\View.php(229): CodeIgniter\View\View->CodeIgniter\View\{closure}()
 4 SYSTEMPATH\Common.php(1188): CodeIgniter\View\View->render('insertProduct', [], true)
 5 APPPATH\Controllers\ProductController.php(32): view('insertProduct')
 6 SYSTEMPATH\CodeIgniter.php(919): App\Controllers\ProductController->showInsertProduct()
 7 SYSTEMPATH\CodeIgniter.php(494): CodeIgniter\CodeIgniter->runController(Object(App\Controllers\ProductController))
 8 SYSTEMPATH\CodeIgniter.php(353): CodeIgniter\CodeIgniter->handleRequest(null, Object(Config\Cache), false)
 9 FCPATH\index.php(79): CodeIgniter\CodeIgniter->run()
10 SYSTEMPATH\Commands\Server\rewrite.php(47): require_once('C:\\laragon\\www\\crudProduct\\public\\index.php')
CRITICAL - 2023-09-21 12:50:47 --> Undefined variable $pro
in APPPATH\Views\insertProduct.php on line 21.
 1 APPPATH\Views\insertProduct.php(21): CodeIgniter\Debug\Exceptions->errorHandler(2, 'Undefined variable $pro', 'C:\\laragon\\www\\crudProduct\\app\\Views\\insertProduct.php', 21)
 2 SYSTEMPATH\View\View.php(226): include('C:\\laragon\\www\\crudProduct\\app\\Views\\insertProduct.php')
 3 SYSTEMPATH\View\View.php(229): CodeIgniter\View\View->CodeIgniter\View\{closure}()
 4 SYSTEMPATH\Common.php(1188): CodeIgniter\View\View->render('insertProduct', [], true)
 5 APPPATH\Controllers\ProductController.php(32): view('insertProduct')
 6 SYSTEMPATH\CodeIgniter.php(919): App\Controllers\ProductController->showInsertProduct()
 7 SYSTEMPATH\CodeIgniter.php(494): CodeIgniter\CodeIgniter->runController(Object(App\Controllers\ProductController))
 8 SYSTEMPATH\CodeIgniter.php(353): CodeIgniter\CodeIgniter->handleRequest(null, Object(Config\Cache), false)
 9 FCPATH\index.php(79): CodeIgniter\CodeIgniter->run()
10 SYSTEMPATH\Commands\Server\rewrite.php(47): require_once('C:\\laragon\\www\\crudProduct\\public\\index.php')
CRITICAL - 2023-09-21 12:50:47 --> Undefined variable $pro
in APPPATH\Views\insertProduct.php on line 21.
 1 APPPATH\Views\insertProduct.php(21): CodeIgniter\Debug\Exceptions->errorHandler(2, 'Undefined variable $pro', 'C:\\laragon\\www\\crudProduct\\app\\Views\\insertProduct.php', 21)
 2 SYSTEMPATH\View\View.php(226): include('C:\\laragon\\www\\crudProduct\\app\\Views\\insertProduct.php')
 3 SYSTEMPATH\View\View.php(229): CodeIgniter\View\View->CodeIgniter\View\{closure}()
 4 SYSTEMPATH\Common.php(1188): CodeIgniter\View\View->render('insertProduct', [], true)
 5 APPPATH\Controllers\ProductController.php(32): view('insertProduct')
 6 SYSTEMPATH\CodeIgniter.php(919): App\Controllers\ProductController->showInsertProduct()
 7 SYSTEMPATH\CodeIgniter.php(494): CodeIgniter\CodeIgniter->runController(Object(App\Controllers\ProductController))
 8 SYSTEMPATH\CodeIgniter.php(353): CodeIgniter\CodeIgniter->handleRequest(null, Object(Config\Cache), false)
 9 FCPATH\index.php(79): CodeIgniter\CodeIgniter->run()
10 SYSTEMPATH\Commands\Server\rewrite.php(47): require_once('C:\\laragon\\www\\crudProduct\\public\\index.php')
CRITICAL - 2023-09-21 12:50:48 --> Undefined variable $pro
in APPPATH\Views\insertProduct.php on line 21.
 1 APPPATH\Views\insertProduct.php(21): CodeIgniter\Debug\Exceptions->errorHandler(2, 'Undefined variable $pro', 'C:\\laragon\\www\\crudProduct\\app\\Views\\insertProduct.php', 21)
 2 SYSTEMPATH\View\View.php(226): include('C:\\laragon\\www\\crudProduct\\app\\Views\\insertProduct.php')
 3 SYSTEMPATH\View\View.php(229): CodeIgniter\View\View->CodeIgniter\View\{closure}()
 4 SYSTEMPATH\Common.php(1188): CodeIgniter\View\View->render('insertProduct', [], true)
 5 APPPATH\Controllers\ProductController.php(32): view('insertProduct')
 6 SYSTEMPATH\CodeIgniter.php(919): App\Controllers\ProductController->showInsertProduct()
 7 SYSTEMPATH\CodeIgniter.php(494): CodeIgniter\CodeIgniter->runController(Object(App\Controllers\ProductController))
 8 SYSTEMPATH\CodeIgniter.php(353): CodeIgniter\CodeIgniter->handleRequest(null, Object(Config\Cache), false)
 9 FCPATH\index.php(79): CodeIgniter\CodeIgniter->run()
10 SYSTEMPATH\Commands\Server\rewrite.php(47): require_once('C:\\laragon\\www\\crudProduct\\public\\index.php')
ERROR - 2023-09-21 12:52:35 --> mysqli_sql_exception: Column 'ProductCategory' cannot be null in C:\laragon\www\crudProduct\system\Database\MySQLi\Connection.php:306
Stack trace:
#0 C:\laragon\www\crudProduct\system\Database\MySQLi\Connection.php(306): mysqli->query('INSERT INTO `ta...', 0)
#1 C:\laragon\www\crudProduct\system\Database\BaseConnection.php(692): CodeIgniter\Database\MySQLi\Connection->execute('INSERT INTO `ta...')
#2 C:\laragon\www\crudProduct\system\Database\BaseConnection.php(606): CodeIgniter\Database\BaseConnection->simpleQuery('INSERT INTO `ta...')
#3 C:\laragon\www\crudProduct\system\Database\BaseBuilder.php(2308): CodeIgniter\Database\BaseConnection->query('INSERT INTO `ta...', Array, false)
#4 C:\laragon\www\crudProduct\system\Model.php(319): CodeIgniter\Database\BaseBuilder->insert()
#5 C:\laragon\www\crudProduct\system\BaseModel.php(788): CodeIgniter\Model->doInsert(Array)
#6 C:\laragon\www\crudProduct\system\Model.php(715): CodeIgniter\BaseModel->insert(Array, false)
#7 C:\laragon\www\crudProduct\system\BaseModel.php(698): CodeIgniter\Model->insert(Array, false)
#8 C:\laragon\www\crudProduct\app\Controllers\ProductController.php(24): CodeIgniter\BaseModel->save(Array)
#9 C:\laragon\www\crudProduct\system\CodeIgniter.php(919): App\Controllers\ProductController->insertCategory()
#10 C:\laragon\www\crudProduct\system\CodeIgniter.php(494): CodeIgniter\CodeIgniter->runController(Object(App\Controllers\ProductController))
#11 C:\laragon\www\crudProduct\system\CodeIgniter.php(353): CodeIgniter\CodeIgniter->handleRequest(NULL, Object(Config\Cache), false)
#12 C:\laragon\www\crudProduct\public\index.php(79): CodeIgniter\CodeIgniter->run()
#13 C:\laragon\www\crudProduct\system\Commands\Server\rewrite.php(47): require_once('C:\\laragon\\www\\...')
#14 {main}
CRITICAL - 2023-09-21 12:52:35 --> Column 'ProductCategory' cannot be null
in SYSTEMPATH\Database\BaseConnection.php on line 646.
 1 SYSTEMPATH\Database\BaseBuilder.php(2308): CodeIgniter\Database\BaseConnection->query('INSERT INTO `table_category` (`ProductCategory`) VALUES (:ProductCategory:)', [...], false)
 2 SYSTEMPATH\Model.php(319): CodeIgniter\Database\BaseBuilder->insert()
 3 SYSTEMPATH\BaseModel.php(788): CodeIgniter\Model->doInsert([...])
 4 SYSTEMPATH\Model.php(715): CodeIgniter\BaseModel->insert([...], false)
 5 SYSTEMPATH\BaseModel.php(698): CodeIgniter\Model->insert([...], false)
 6 APPPATH\Controllers\ProductController.php(24): CodeIgniter\BaseModel->save([...])
 7 SYSTEMPATH\CodeIgniter.php(919): App\Controllers\ProductController->insertCategory()
 8 SYSTEMPATH\CodeIgniter.php(494): CodeIgniter\CodeIgniter->runController(Object(App\Controllers\ProductController))
 9 SYSTEMPATH\CodeIgniter.php(353): CodeIgniter\CodeIgniter->handleRequest(null, Object(Config\Cache), false)
10 FCPATH\index.php(79): CodeIgniter\CodeIgniter->run()
11 SYSTEMPATH\Commands\Server\rewrite.php(47): require_once('C:\\laragon\\www\\crudProduct\\public\\index.php')
CRITICAL - 2023-09-21 13:01:11 --> Undefined variable $pro
in APPPATH\Views\insertProduct.php on line 21.
 1 APPPATH\Views\insertProduct.php(21): CodeIgniter\Debug\Exceptions->errorHandler(2, 'Undefined variable $pro', 'C:\\laragon\\www\\crudProduct\\app\\Views\\insertProduct.php', 21)
 2 SYSTEMPATH\View\View.php(226): include('C:\\laragon\\www\\crudProduct\\app\\Views\\insertProduct.php')
 3 SYSTEMPATH\View\View.php(229): CodeIgniter\View\View->CodeIgniter\View\{closure}()
 4 SYSTEMPATH\Common.php(1188): CodeIgniter\View\View->render('insertProduct', [], true)
 5 APPPATH\Controllers\ProductController.php(32): view('insertProduct')
 6 SYSTEMPATH\CodeIgniter.php(919): App\Controllers\ProductController->showInsertProduct()
 7 SYSTEMPATH\CodeIgniter.php(494): CodeIgniter\CodeIgniter->runController(Object(App\Controllers\ProductController))
 8 SYSTEMPATH\CodeIgniter.php(353): CodeIgniter\CodeIgniter->handleRequest(null, Object(Config\Cache), false)
 9 FCPATH\index.php(79): CodeIgniter\CodeIgniter->run()
10 SYSTEMPATH\Commands\Server\rewrite.php(47): require_once('C:\\laragon\\www\\crudProduct\\public\\index.php')
CRITICAL - 2023-09-21 13:02:06 --> Undefined variable $pro
in APPPATH\Views\insertProduct.php on line 21.
 1 APPPATH\Views\insertProduct.php(21): CodeIgniter\Debug\Exceptions->errorHandler(2, 'Undefined variable $pro', 'C:\\laragon\\www\\crudProduct\\app\\Views\\insertProduct.php', 21)
 2 SYSTEMPATH\View\View.php(226): include('C:\\laragon\\www\\crudProduct\\app\\Views\\insertProduct.php')
 3 SYSTEMPATH\View\View.php(229): CodeIgniter\View\View->CodeIgniter\View\{closure}()
 4 SYSTEMPATH\Common.php(1188): CodeIgniter\View\View->render('insertProduct', [], true)
 5 APPPATH\Controllers\ProductController.php(32): view('insertProduct')
 6 SYSTEMPATH\CodeIgniter.php(919): App\Controllers\ProductController->showInsertProduct()
 7 SYSTEMPATH\CodeIgniter.php(494): CodeIgniter\CodeIgniter->runController(Object(App\Controllers\ProductController))
 8 SYSTEMPATH\CodeIgniter.php(353): CodeIgniter\CodeIgniter->handleRequest(null, Object(Config\Cache), false)
 9 FCPATH\index.php(79): CodeIgniter\CodeIgniter->run()
10 SYSTEMPATH\Commands\Server\rewrite.php(47): require_once('C:\\laragon\\www\\crudProduct\\public\\index.php')
CRITICAL - 2023-09-21 13:02:07 --> Undefined variable $pro
in APPPATH\Views\insertProduct.php on line 21.
 1 APPPATH\Views\insertProduct.php(21): CodeIgniter\Debug\Exceptions->errorHandler(2, 'Undefined variable $pro', 'C:\\laragon\\www\\crudProduct\\app\\Views\\insertProduct.php', 21)
 2 SYSTEMPATH\View\View.php(226): include('C:\\laragon\\www\\crudProduct\\app\\Views\\insertProduct.php')
 3 SYSTEMPATH\View\View.php(229): CodeIgniter\View\View->CodeIgniter\View\{closure}()
 4 SYSTEMPATH\Common.php(1188): CodeIgniter\View\View->render('insertProduct', [], true)
 5 APPPATH\Controllers\ProductController.php(32): view('insertProduct')
 6 SYSTEMPATH\CodeIgniter.php(919): App\Controllers\ProductController->showInsertProduct()
 7 SYSTEMPATH\CodeIgniter.php(494): CodeIgniter\CodeIgniter->runController(Object(App\Controllers\ProductController))
 8 SYSTEMPATH\CodeIgniter.php(353): CodeIgniter\CodeIgniter->handleRequest(null, Object(Config\Cache), false)
 9 FCPATH\index.php(79): CodeIgniter\CodeIgniter->run()
10 SYSTEMPATH\Commands\Server\rewrite.php(47): require_once('C:\\laragon\\www\\crudProduct\\public\\index.php')
CRITICAL - 2023-09-21 13:02:07 --> Undefined variable $pro
in APPPATH\Views\insertProduct.php on line 21.
 1 APPPATH\Views\insertProduct.php(21): CodeIgniter\Debug\Exceptions->errorHandler(2, 'Undefined variable $pro', 'C:\\laragon\\www\\crudProduct\\app\\Views\\insertProduct.php', 21)
 2 SYSTEMPATH\View\View.php(226): include('C:\\laragon\\www\\crudProduct\\app\\Views\\insertProduct.php')
 3 SYSTEMPATH\View\View.php(229): CodeIgniter\View\View->CodeIgniter\View\{closure}()
 4 SYSTEMPATH\Common.php(1188): CodeIgniter\View\View->render('insertProduct', [], true)
 5 APPPATH\Controllers\ProductController.php(32): view('insertProduct')
 6 SYSTEMPATH\CodeIgniter.php(919): App\Controllers\ProductController->showInsertProduct()
 7 SYSTEMPATH\CodeIgniter.php(494): CodeIgniter\CodeIgniter->runController(Object(App\Controllers\ProductController))
 8 SYSTEMPATH\CodeIgniter.php(353): CodeIgniter\CodeIgniter->handleRequest(null, Object(Config\Cache), false)
 9 FCPATH\index.php(79): CodeIgniter\CodeIgniter->run()
10 SYSTEMPATH\Commands\Server\rewrite.php(47): require_once('C:\\laragon\\www\\crudProduct\\public\\index.php')
CRITICAL - 2023-09-21 13:05:42 --> Undefined variable $pro
in APPPATH\Views\insertProduct.php on line 21.
 1 APPPATH\Views\insertProduct.php(21): CodeIgniter\Debug\Exceptions->errorHandler(2, 'Undefined variable $pro', 'C:\\laragon\\www\\crudProduct\\app\\Views\\insertProduct.php', 21)
 2 SYSTEMPATH\View\View.php(226): include('C:\\laragon\\www\\crudProduct\\app\\Views\\insertProduct.php')
 3 SYSTEMPATH\View\View.php(229): CodeIgniter\View\View->CodeIgniter\View\{closure}()
 4 SYSTEMPATH\Common.php(1188): CodeIgniter\View\View->render('insertProduct', [], true)
 5 APPPATH\Controllers\ProductController.php(32): view('insertProduct')
 6 SYSTEMPATH\CodeIgniter.php(919): App\Controllers\ProductController->showInsertProduct()
 7 SYSTEMPATH\CodeIgniter.php(494): CodeIgniter\CodeIgniter->runController(Object(App\Controllers\ProductController))
 8 SYSTEMPATH\CodeIgniter.php(353): CodeIgniter\CodeIgniter->handleRequest(null, Object(Config\Cache), false)
 9 FCPATH\index.php(79): CodeIgniter\CodeIgniter->run()
10 SYSTEMPATH\Commands\Server\rewrite.php(47): require_once('C:\\laragon\\www\\crudProduct\\public\\index.php')
CRITICAL - 2023-09-21 13:08:17 --> Undefined variable $pro
in APPPATH\Views\insertProduct.php on line 21.
 1 APPPATH\Views\insertProduct.php(21): CodeIgniter\Debug\Exceptions->errorHandler(2, 'Undefined variable $pro', 'C:\\laragon\\www\\crudProduct\\app\\Views\\insertProduct.php', 21)
 2 SYSTEMPATH\View\View.php(226): include('C:\\laragon\\www\\crudProduct\\app\\Views\\insertProduct.php')
 3 SYSTEMPATH\View\View.php(229): CodeIgniter\View\View->CodeIgniter\View\{closure}()
 4 SYSTEMPATH\Common.php(1188): CodeIgniter\View\View->render('insertProduct', [], true)
 5 APPPATH\Controllers\ProductController.php(32): view('insertProduct')
 6 SYSTEMPATH\CodeIgniter.php(919): App\Controllers\ProductController->showInsertProduct()
 7 SYSTEMPATH\CodeIgniter.php(494): CodeIgniter\CodeIgniter->runController(Object(App\Controllers\ProductController))
 8 SYSTEMPATH\CodeIgniter.php(353): CodeIgniter\CodeIgniter->handleRequest(null, Object(Config\Cache), false)
 9 FCPATH\index.php(79): CodeIgniter\CodeIgniter->run()
10 SYSTEMPATH\Commands\Server\rewrite.php(47): require_once('C:\\laragon\\www\\crudProduct\\public\\index.php')
CRITICAL - 2023-09-21 13:09:48 --> Undefined variable $pro
in APPPATH\Views\insertProduct.php on line 21.
 1 APPPATH\Views\insertProduct.php(21): CodeIgniter\Debug\Exceptions->errorHandler(2, 'Undefined variable $pro', 'C:\\laragon\\www\\crudProduct\\app\\Views\\insertProduct.php', 21)
 2 SYSTEMPATH\View\View.php(226): include('C:\\laragon\\www\\crudProduct\\app\\Views\\insertProduct.php')
 3 SYSTEMPATH\View\View.php(229): CodeIgniter\View\View->CodeIgniter\View\{closure}()
 4 SYSTEMPATH\Common.php(1188): CodeIgniter\View\View->render('insertProduct', [], true)
 5 APPPATH\Controllers\ProductController.php(32): view('insertProduct')
 6 SYSTEMPATH\CodeIgniter.php(919): App\Controllers\ProductController->showInsertProduct()
 7 SYSTEMPATH\CodeIgniter.php(494): CodeIgniter\CodeIgniter->runController(Object(App\Controllers\ProductController))
 8 SYSTEMPATH\CodeIgniter.php(353): CodeIgniter\CodeIgniter->handleRequest(null, Object(Config\Cache), false)
 9 FCPATH\index.php(79): CodeIgniter\CodeIgniter->run()
10 SYSTEMPATH\Commands\Server\rewrite.php(47): require_once('C:\\laragon\\www\\crudProduct\\public\\index.php')
CRITICAL - 2023-09-21 13:10:10 --> Undefined variable $pro
in APPPATH\Views\insertProduct.php on line 21.
 1 APPPATH\Views\insertProduct.php(21): CodeIgniter\Debug\Exceptions->errorHandler(2, 'Undefined variable $pro', 'C:\\laragon\\www\\crudProduct\\app\\Views\\insertProduct.php', 21)
 2 SYSTEMPATH\View\View.php(226): include('C:\\laragon\\www\\crudProduct\\app\\Views\\insertProduct.php')
 3 SYSTEMPATH\View\View.php(229): CodeIgniter\View\View->CodeIgniter\View\{closure}()
 4 SYSTEMPATH\Common.php(1188): CodeIgniter\View\View->render('insertProduct', [], true)
 5 APPPATH\Controllers\ProductController.php(32): view('insertProduct')
 6 SYSTEMPATH\CodeIgniter.php(919): App\Controllers\ProductController->showInsertProduct()
 7 SYSTEMPATH\CodeIgniter.php(494): CodeIgniter\CodeIgniter->runController(Object(App\Controllers\ProductController))
 8 SYSTEMPATH\CodeIgniter.php(353): CodeIgniter\CodeIgniter->handleRequest(null, Object(Config\Cache), false)
 9 FCPATH\index.php(79): CodeIgniter\CodeIgniter->run()
10 SYSTEMPATH\Commands\Server\rewrite.php(47): require_once('C:\\laragon\\www\\crudProduct\\public\\index.php')
CRITICAL - 2023-09-21 13:14:30 --> Undefined variable $pro
in APPPATH\Views\insertProduct.php on line 21.
 1 APPPATH\Views\insertProduct.php(21): CodeIgniter\Debug\Exceptions->errorHandler(2, 'Undefined variable $pro', 'C:\\laragon\\www\\crudProduct\\app\\Views\\insertProduct.php', 21)
 2 SYSTEMPATH\View\View.php(226): include('C:\\laragon\\www\\crudProduct\\app\\Views\\insertProduct.php')
 3 SYSTEMPATH\View\View.php(229): CodeIgniter\View\View->CodeIgniter\View\{closure}()
 4 SYSTEMPATH\Common.php(1188): CodeIgniter\View\View->render('insertProduct', [], true)
 5 APPPATH\Controllers\ProductController.php(32): view('insertProduct')
 6 SYSTEMPATH\CodeIgniter.php(919): App\Controllers\ProductController->showInsertProduct()
 7 SYSTEMPATH\CodeIgniter.php(494): CodeIgniter\CodeIgniter->runController(Object(App\Controllers\ProductController))
 8 SYSTEMPATH\CodeIgniter.php(353): CodeIgniter\CodeIgniter->handleRequest(null, Object(Config\Cache), false)
 9 FCPATH\index.php(79): CodeIgniter\CodeIgniter->run()
10 SYSTEMPATH\Commands\Server\rewrite.php(47): require_once('C:\\laragon\\www\\crudProduct\\public\\index.php')
CRITICAL - 2023-09-21 13:28:18 --> Undefined variable $pro
in APPPATH\Views\insertProduct.php on line 21.
 1 APPPATH\Views\insertProduct.php(21): CodeIgniter\Debug\Exceptions->errorHandler(2, 'Undefined variable $pro', 'C:\\laragon\\www\\crudProduct\\app\\Views\\insertProduct.php', 21)
 2 SYSTEMPATH\View\View.php(226): include('C:\\laragon\\www\\crudProduct\\app\\Views\\insertProduct.php')
 3 SYSTEMPATH\View\View.php(229): CodeIgniter\View\View->CodeIgniter\View\{closure}()
 4 SYSTEMPATH\Common.php(1188): CodeIgniter\View\View->render('insertProduct', [], true)
 5 APPPATH\Controllers\ProductController.php(32): view('insertProduct')
 6 SYSTEMPATH\CodeIgniter.php(919): App\Controllers\ProductController->showInsertProduct()
 7 SYSTEMPATH\CodeIgniter.php(494): CodeIgniter\CodeIgniter->runController(Object(App\Controllers\ProductController))
 8 SYSTEMPATH\CodeIgniter.php(353): CodeIgniter\CodeIgniter->handleRequest(null, Object(Config\Cache), false)
 9 FCPATH\index.php(79): CodeIgniter\CodeIgniter->run()
10 SYSTEMPATH\Commands\Server\rewrite.php(47): require_once('C:\\laragon\\www\\crudProduct\\public\\index.php')
CRITICAL - 2023-09-21 13:28:19 --> Undefined variable $pro
in APPPATH\Views\insertProduct.php on line 21.
 1 APPPATH\Views\insertProduct.php(21): CodeIgniter\Debug\Exceptions->errorHandler(2, 'Undefined variable $pro', 'C:\\laragon\\www\\crudProduct\\app\\Views\\insertProduct.php', 21)
 2 SYSTEMPATH\View\View.php(226): include('C:\\laragon\\www\\crudProduct\\app\\Views\\insertProduct.php')
 3 SYSTEMPATH\View\View.php(229): CodeIgniter\View\View->CodeIgniter\View\{closure}()
 4 SYSTEMPATH\Common.php(1188): CodeIgniter\View\View->render('insertProduct', [], true)
 5 APPPATH\Controllers\ProductController.php(32): view('insertProduct')
 6 SYSTEMPATH\CodeIgniter.php(919): App\Controllers\ProductController->showInsertProduct()
 7 SYSTEMPATH\CodeIgniter.php(494): CodeIgniter\CodeIgniter->runController(Object(App\Controllers\ProductController))
 8 SYSTEMPATH\CodeIgniter.php(353): CodeIgniter\CodeIgniter->handleRequest(null, Object(Config\Cache), false)
 9 FCPATH\index.php(79): CodeIgniter\CodeIgniter->run()
10 SYSTEMPATH\Commands\Server\rewrite.php(47): require_once('C:\\laragon\\www\\crudProduct\\public\\index.php')
CRITICAL - 2023-09-21 13:30:04 --> Undefined variable $pro
in APPPATH\Views\insertProduct.php on line 21.
 1 APPPATH\Views\insertProduct.php(21): CodeIgniter\Debug\Exceptions->errorHandler(2, 'Undefined variable $pro', 'C:\\laragon\\www\\crudProduct\\app\\Views\\insertProduct.php', 21)
 2 SYSTEMPATH\View\View.php(226): include('C:\\laragon\\www\\crudProduct\\app\\Views\\insertProduct.php')
 3 SYSTEMPATH\View\View.php(229): CodeIgniter\View\View->CodeIgniter\View\{closure}()
 4 SYSTEMPATH\Common.php(1188): CodeIgniter\View\View->render('insertProduct', [], true)
 5 APPPATH\Controllers\ProductController.php(32): view('insertProduct')
 6 SYSTEMPATH\CodeIgniter.php(919): App\Controllers\ProductController->showInsertProduct()
 7 SYSTEMPATH\CodeIgniter.php(494): CodeIgniter\CodeIgniter->runController(Object(App\Controllers\ProductController))
 8 SYSTEMPATH\CodeIgniter.php(353): CodeIgniter\CodeIgniter->handleRequest(null, Object(Config\Cache), false)
 9 FCPATH\index.php(79): CodeIgniter\CodeIgniter->run()
10 SYSTEMPATH\Commands\Server\rewrite.php(47): require_once('C:\\laragon\\www\\crudProduct\\public\\index.php')
CRITICAL - 2023-09-21 14:12:36 --> Too few arguments to function App\Controllers\ProductController::showProduct(), 0 passed in C:\laragon\www\crudProduct\system\CodeIgniter.php on line 919 and exactly 1 expected
in APPPATH\Controllers\ProductController.php on line 40.
 1 SYSTEMPATH\CodeIgniter.php(919): App\Controllers\ProductController->showProduct()
 2 SYSTEMPATH\CodeIgniter.php(494): CodeIgniter\CodeIgniter->runController(Object(App\Controllers\ProductController))
 3 SYSTEMPATH\CodeIgniter.php(353): CodeIgniter\CodeIgniter->handleRequest(null, Object(Config\Cache), false)
 4 FCPATH\index.php(79): CodeIgniter\CodeIgniter->run()
 5 SYSTEMPATH\Commands\Server\rewrite.php(47): require_once('C:\\laragon\\www\\crudProduct\\public\\index.php')
CRITICAL - 2023-09-21 14:12:45 --> Too few arguments to function App\Controllers\ProductController::showProduct(), 0 passed in C:\laragon\www\crudProduct\system\CodeIgniter.php on line 919 and exactly 1 expected
in APPPATH\Controllers\ProductController.php on line 40.
 1 SYSTEMPATH\CodeIgniter.php(919): App\Controllers\ProductController->showProduct()
 2 SYSTEMPATH\CodeIgniter.php(494): CodeIgniter\CodeIgniter->runController(Object(App\Controllers\ProductController))
 3 SYSTEMPATH\CodeIgniter.php(353): CodeIgniter\CodeIgniter->handleRequest(null, Object(Config\Cache), false)
 4 FCPATH\index.php(79): CodeIgniter\CodeIgniter->run()
 5 SYSTEMPATH\Commands\Server\rewrite.php(47): require_once('C:\\laragon\\www\\crudProduct\\public\\index.php')
